<?xml version="1.0" encoding="UTF-8" ?>
<testsuite errors="0" failures="0" hostname="twu-pc" name="matrixapplication.AddUserSpec" tests="1" time="8.551" timestamp="2011-09-12T17:18:27">
  <properties />
  <testcase classname="matrixapplication.AddUserSpec" name="should be able to save user when username is given" time="8.543" />
  <system-out><![CDATA[--Output from should be able to save user when username is given--
]]></system-out>
  <system-err><![CDATA[--Output from should be able to save user when username is given--
]]></system-err>
</testsuite>
