<?xml version="1.0" encoding="UTF-8" ?>
<testsuite errors="0" failures="1" hostname="twu-pc" name="matrixapplication.UserControllerSpec" tests="1" time="1.702" timestamp="2011-09-11T08:23:43">
  <properties />
  <testcase classname="matrixapplication.UserControllerSpec" name="should save user" time="1.672">
    <failure message="Condition not satisfied:

User.count() == 1
     |       |
     0       false
" type="junit.framework.AssertionFailedError">junit.framework.AssertionFailedError: Condition not satisfied:

User.count() == 1
     |       |
     0       false

	at matrixapplication.UserControllerSpec.should save user(UserControllerSpec.groovy:17)
</failure>
  </testcase>
  <system-out><![CDATA[--Output from should save user--
[id:1, name:Neetu]]]></system-out>
  <system-err><![CDATA[--Output from should save user--
]]></system-err>
</testsuite>
